\BOOKMARK [0][-]{chapter.1}{Cinematica del punto}{}% 1
\BOOKMARK [1][-]{section.1.1}{Moto rettilineo}{chapter.1}% 2
\BOOKMARK [2][-]{subsection.1.1.1}{Velocit\340 media}{section.1.1}% 3
\BOOKMARK [2][-]{subsection.1.1.2}{Velocit\340 istantanea}{section.1.1}% 4
\BOOKMARK [2][-]{subsection.1.1.3}{Leggi orarie}{section.1.1}% 5
\BOOKMARK [2][-]{subsection.1.1.4}{Moto Rettilineo Uniforme}{section.1.1}% 6
\BOOKMARK [2][-]{subsection.1.1.5}{Accellerazione media}{section.1.1}% 7
\BOOKMARK [2][-]{subsection.1.1.6}{Accellerazione istantanea}{section.1.1}% 8
\BOOKMARK [2][-]{subsection.1.1.7}{Moto rettilineo uniformemente accellerato}{section.1.1}% 9
\BOOKMARK [2][-]{subsection.1.1.8}{Moto armonico semplice}{section.1.1}% 10
\BOOKMARK [2][-]{subsection.1.1.9}{Quantit\340 di moto}{section.1.1}% 11
\BOOKMARK [0][-]{chapter.2}{Sistemi di riferimento}{}% 12
\BOOKMARK [1][-]{subsection.2.0.1}{Sistema di riferimento Inerziale}{chapter.2}% 13
\BOOKMARK [2][-]{subsection.2.0.2}{Sistema di riferimento non Inerziale}{subsection.2.0.1}% 14
\BOOKMARK [2][-]{subsection.2.0.3}{Forze vere e forze apparenti}{subsection.2.0.1}% 15
\BOOKMARK [0][-]{chapter.3}{Dinamica del punto}{}% 16
\BOOKMARK [1][-]{section.3.1}{Risultante delle forze}{chapter.3}% 17
\BOOKMARK [2][-]{subsection.3.1.1}{Equilibrio statico}{section.3.1}% 18
\BOOKMARK [2][-]{subsection.3.1.2}{Reazione vincolare}{section.3.1}% 19
\BOOKMARK [1][-]{section.3.2}{Forza Peso}{chapter.3}% 20
\BOOKMARK [1][-]{section.3.3}{Impulso}{chapter.3}% 21
\BOOKMARK [2][-]{subsection.3.3.1}{Impulso della forza}{section.3.3}% 22
\BOOKMARK [2][-]{subsection.3.3.2}{Teorema dell'impulso}{section.3.3}% 23
\BOOKMARK [1][-]{section.3.4}{Lavoro}{chapter.3}% 24
\BOOKMARK [1][-]{section.3.5}{Attrito}{chapter.3}% 25
\BOOKMARK [2][-]{subsection.3.5.1}{Forza di attrito radente}{section.3.5}% 26
\BOOKMARK [0][-]{chapter.4}{Termodinamica}{}% 27
\BOOKMARK [1][-]{section.4.1}{Trasformazioni cicliche}{chapter.4}% 28
\BOOKMARK [2][-]{subsection.4.1.1}{Ciclo di Carnot}{section.4.1}% 29
\BOOKMARK [2][-]{subsection.4.1.2}{Ciclo di Otto}{section.4.1}% 30
\BOOKMARK [2][-]{subsection.4.1.3}{Ciclo di Carnot Inverso}{section.4.1}% 31
\BOOKMARK [1][-]{section.4.2}{Rendimento}{chapter.4}% 32
\BOOKMARK [2][-]{subsection.4.2.1}{Macchine Termiche}{section.4.2}% 33
